# JRE version: OpenJDK Runtime Environment (8.0_162-b12) (build 1.8.0_162-8u162-b12-0ubuntu0.16.04.2-b12)
# Java VM: OpenJDK 64-Bit Server VM (25.162-b12 mixed mode linux-amd64 compressed oops)
Heap:
 PSYoungGen      total 207360K, used 127633K [0x00000000f0000000, 0x0000000100000000, 0x0000000100000000)
  eden space 153600K, 66% used [0x00000000f0000000,0x00000000f6408170,0x00000000f9600000)
  from space 53760K, 46% used [0x00000000f9600000,0x00000000fae9c4b8,0x00000000fca80000)
  to   space 52736K, 0% used [0x00000000fcc80000,0x00000000fcc80000,0x0000000100000000)
 ParOldGen       total 524288K, used 116724K [0x00000000d0000000, 0x00000000f0000000, 0x00000000f0000000)
  object space 524288K, 22% used [0x00000000d0000000,0x00000000d71fd3a0,0x00000000f0000000)
 Metaspace       used 77140K, capacity 82558K, committed 82688K, reserved 1120256K
  class space    used 9521K, capacity 10999K, committed 11008K, reserved 1048576K
GC Heap History (10 events):
Event: 1599.440 GC heap before
{Heap before GC invocations=42 (full 3):
 PSYoungGen      total 200704K, used 172218K [0x00000000f0000000, 0x0000000100000000, 0x0000000100000000)
  eden space 137216K, 100% used [0x00000000f0000000,0x00000000f8600000,0x00000000f8600000)
  from space 63488K, 55% used [0x00000000fc200000,0x00000000fe42ea50,0x0000000100000000)
  to   space 61440K, 0% used [0x00000000f8600000,0x00000000f8600000,0x00000000fc200000)
 ParOldGen       total 524288K, used 103290K [0x00000000d0000000, 0x00000000f0000000, 0x00000000f0000000)
  object space 524288K, 19% used [0x00000000d0000000,0x00000000d64dea70,0x00000000f0000000)
 Metaspace       used 75430K, capacity 80670K, committed 80896K, reserved 1120256K
  class space    used 9423K, capacity 10886K, committed 11008K, reserved 1048576K
Event: 1599.478 GC heap after
Heap after GC invocations=42 (full 3):
 PSYoungGen      total 198656K, used 33186K [0x00000000f0000000, 0x0000000100000000, 0x0000000100000000)
  eden space 137216K, 0% used [0x00000000f0000000,0x00000000f0000000,0x00000000f8600000)
  from space 61440K, 54% used [0x00000000f8600000,0x00000000fa668b80,0x00000000fc200000)
  to   space 58368K, 0% used [0x00000000fc700000,0x00000000fc700000,0x0000000100000000)
 ParOldGen       total 524288K, used 105826K [0x00000000d0000000, 0x00000000f0000000, 0x00000000f0000000)
  object space 524288K, 20% used [0x00000000d0000000,0x00000000d6758a70,0x00000000f0000000)
 Metaspace       used 75430K, capacity 80670K, committed 80896K, reserved 1120256K
  class space    used 9423K, capacity 10886K, committed 11008K, reserved 1048576K
}
Event: 1662.323 GC heap before
{Heap before GC invocations=43 (full 3):
 PSYoungGen      total 198656K, used 170402K [0x00000000f0000000, 0x0000000100000000, 0x0000000100000000)
  eden space 137216K, 100% used [0x00000000f0000000,0x00000000f8600000,0x00000000f8600000)
  from space 61440K, 54% used [0x00000000f8600000,0x00000000fa668b80,0x00000000fc200000)
  to   space 58368K, 0% used [0x00000000fc700000,0x00000000fc700000,0x0000000100000000)
 ParOldGen       total 524288K, used 105826K [0x00000000d0000000, 0x00000000f0000000, 0x00000000f0000000)
  object space 524288K, 20% used [0x00000000d0000000,0x00000000d6758a70,0x00000000f0000000)
 Metaspace       used 75629K, capacity 80874K, committed 81152K, reserved 1120256K
  class space    used 9429K, capacity 10888K, committed 11008K, reserved 1048576K
Event: 1662.363 GC heap after
Heap after GC invocations=43 (full 3):
 PSYoungGen      total 205824K, used 32171K [0x00000000f0000000, 0x0000000100000000, 0x0000000100000000)
  eden space 147456K, 0% used [0x00000000f0000000,0x00000000f0000000,0x00000000f9000000)
  from space 58368K, 55% used [0x00000000fc700000,0x00000000fe66af20,0x0000000100000000)
  to   space 56320K, 0% used [0x00000000f9000000,0x00000000f9000000,0x00000000fc700000)
 ParOldGen       total 524288K, used 108090K [0x00000000d0000000, 0x00000000f0000000, 0x00000000f0000000)
  object space 524288K, 20% used [0x00000000d0000000,0x00000000d698e878,0x00000000f0000000)
 Metaspace       used 75629K, capacity 80874K, committed 81152K, reserved 1120256K
  class space    used 9429K, capacity 10888K, committed 11008K, reserved 1048576K
}
Event: 1717.756 GC heap before
{Heap before GC invocations=44 (full 3):
 PSYoungGen      total 205824K, used 179627K [0x00000000f0000000, 0x0000000100000000, 0x0000000100000000)
  eden space 147456K, 100% used [0x00000000f0000000,0x00000000f9000000,0x00000000f9000000)
  from space 58368K, 55% used [0x00000000fc700000,0x00000000fe66af20,0x0000000100000000)
  to   space 56320K, 0% used [0x00000000f9000000,0x00000000f9000000,0x00000000fc700000)
 ParOldGen       total 524288K, used 108090K [0x00000000d0000000, 0x00000000f0000000, 0x00000000f0000000)
  object space 524288K, 20% used [0x00000000d0000000,0x00000000d698e878,0x00000000f0000000)
 Metaspace       used 76005K, capacity 81348K, committed 81664K, reserved 1120256K
  class space    used 9447K, capacity 10903K, committed 11008K, reserved 1048576K
Event: 1717.786 GC heap after
Heap after GC invocations=44 (full 3):
 PSYoungGen      total 203776K, used 28804K [0x00000000f0000000, 0x0000000100000000, 0x0000000100000000)
  eden space 147456K, 0% used [0x00000000f0000000,0x00000000f0000000,0x00000000f9000000)
  from space 56320K, 51% used [0x00000000f9000000,0x00000000fac212f8,0x00000000fc700000)
  to   space 54784K, 0% used [0x00000000fca80000,0x00000000fca80000,0x0000000100000000)
 ParOldGen       total 524288K, used 110874K [0x00000000d0000000, 0x00000000f0000000, 0x00000000f0000000)
  object space 524288K, 21% used [0x00000000d0000000,0x00000000d6c46af8,0x00000000f0000000)
 Metaspace       used 76005K, capacity 81348K, committed 81664K, reserved 1120256K
  class space    used 9447K, capacity 10903K, committed 11008K, reserved 1048576K
}
Event: 1783.619 GC heap before
{Heap before GC invocations=45 (full 3):
 PSYoungGen      total 203776K, used 176260K [0x00000000f0000000, 0x0000000100000000, 0x0000000100000000)
  eden space 147456K, 100% used [0x00000000f0000000,0x00000000f9000000,0x00000000f9000000)
  from space 56320K, 51% used [0x00000000f9000000,0x00000000fac212f8,0x00000000fc700000)
  to   space 54784K, 0% used [0x00000000fca80000,0x00000000fca80000,0x0000000100000000)
 ParOldGen       total 524288K, used 110874K [0x00000000d0000000, 0x00000000f0000000, 0x00000000f0000000)
  object space 524288K, 21% used [0x00000000d0000000,0x00000000d6c46af8,0x00000000f0000000)
 Metaspace       used 76482K, capacity 81852K, committed 82176K, reserved 1120256K
  class space    used 9464K, capacity 10939K, committed 11008K, reserved 1048576K
Event: 1783.651 GC heap after
Heap after GC invocations=45 (full 3):
 PSYoungGen      total 208384K, used 26024K [0x00000000f0000000, 0x0000000100000000, 0x0000000100000000)
  eden space 153600K, 0% used [0x00000000f0000000,0x00000000f0000000,0x00000000f9600000)
  from space 54784K, 47% used [0x00000000fca80000,0x00000000fe3ea308,0x0000000100000000)
  to   space 53760K, 0% used [0x00000000f9600000,0x00000000f9600000,0x00000000fca80000)
 ParOldGen       total 524288K, used 113716K [0x00000000d0000000, 0x00000000f0000000, 0x00000000f0000000)
  object space 524288K, 21% used [0x00000000d0000000,0x00000000d6f0d1d8,0x00000000f0000000)
 Metaspace       used 76482K, capacity 81852K, committed 82176K, reserved 1120256K
  class space    used 9464K, capacity 10939K, committed 11008K, reserved 1048576K
}
Event: 1914.185 GC heap before
{Heap before GC invocations=46 (full 3):
 PSYoungGen      total 208384K, used 179624K [0x00000000f0000000, 0x0000000100000000, 0x0000000100000000)
  eden space 153600K, 100% used [0x00000000f0000000,0x00000000f9600000,0x00000000f9600000)
  from space 54784K, 47% used [0x00000000fca80000,0x00000000fe3ea308,0x0000000100000000)
  to   space 53760K, 0% used [0x00000000f9600000,0x00000000f9600000,0x00000000fca80000)
 ParOldGen       total 524288K, used 113716K [0x00000000d0000000, 0x00000000f0000000, 0x00000000f0000000)
  object space 524288K, 21% used [0x00000000d0000000,0x00000000d6f0d1d8,0x00000000f0000000)
 Metaspace       used 76838K, capacity 82254K, committed 82432K, reserved 1120256K
  class space    used 9497K, capacity 10990K, committed 11008K, reserved 1048576K
Event: 1914.240 GC heap after
Heap after GC invocations=46 (full 3):
 PSYoungGen      total 207360K, used 25201K [0x00000000f0000000, 0x0000000100000000, 0x0000000100000000)
  eden space 153600K, 0% used [0x00000000f0000000,0x00000000f0000000,0x00000000f9600000)
  from space 53760K, 46% used [0x00000000f9600000,0x00000000fae9c4b8,0x00000000fca80000)
  to   space 52736K, 0% used [0x00000000fcc80000,0x00000000fcc80000,0x0000000100000000)
 ParOldGen       total 524288K, used 116724K [0x00000000d0000000, 0x00000000f0000000, 0x00000000f0000000)
  object space 524288K, 22% used [0x00000000d0000000,0x00000000d71fd3a0,0x00000000f0000000)
 Metaspace       used 76838K, capacity 82254K, committed 82432K, reserved 1120256K
  class space    used 9497K, capacity 10990K, committed 11008K, reserved 1048576K
}

