# JRE version: OpenJDK Runtime Environment (8.0_162-b12) (build 1.8.0_162-8u162-b12-0ubuntu0.16.04.2-b12)
# Java VM: OpenJDK 64-Bit Server VM (25.162-b12 mixed mode linux-amd64 compressed oops)
Heap:
 PSYoungGen      total 228864K, used 75008K [0x00000000f0000000, 0x0000000100000000, 0x0000000100000000)
  eden space 195584K, 21% used [0x00000000f0000000,0x00000000f28c5658,0x00000000fbf00000)
  from space 33280K, 99% used [0x00000000fbf00000,0x00000000fdf7ac40,0x00000000fdf80000)
  to   space 33280K, 0% used [0x00000000fdf80000,0x00000000fdf80000,0x0000000100000000)
 ParOldGen       total 524288K, used 117292K [0x00000000d0000000, 0x00000000f0000000, 0x00000000f0000000)
  object space 524288K, 22% used [0x00000000d0000000,0x00000000d728b140,0x00000000f0000000)
 Metaspace       used 73744K, capacity 77584K, committed 77784K, reserved 1116160K
  class space    used 9071K, capacity 10353K, committed 10456K, reserved 1048576K
GC Heap History (10 events):
Event: 43.157 GC heap before
{Heap before GC invocations=30 (full 3):
 PSYoungGen      total 232960K, used 212301K [0x00000000f0000000, 0x0000000100000000, 0x0000000100000000)
  eden space 202752K, 100% used [0x00000000f0000000,0x00000000fc600000,0x00000000fc600000)
  from space 30208K, 31% used [0x00000000fe280000,0x00000000febd37f8,0x0000000100000000)
  to   space 29184K, 0% used [0x00000000fc600000,0x00000000fc600000,0x00000000fe280000)
 ParOldGen       total 524288K, used 111270K [0x00000000d0000000, 0x00000000f0000000, 0x00000000f0000000)
  object space 524288K, 21% used [0x00000000d0000000,0x00000000d6ca9b00,0x00000000f0000000)
 Metaspace       used 68956K, capacity 71246K, committed 71512K, reserved 1112064K
  class space    used 8329K, capacity 9023K, committed 9048K, reserved 1048576K
Event: 43.170 GC heap after
Heap after GC invocations=30 (full 3):
 PSYoungGen      total 231936K, used 12422K [0x00000000f0000000, 0x0000000100000000, 0x0000000100000000)
  eden space 202752K, 0% used [0x00000000f0000000,0x00000000f0000000,0x00000000fc600000)
  from space 29184K, 42% used [0x00000000fc600000,0x00000000fd221838,0x00000000fe280000)
  to   space 27648K, 0% used [0x00000000fe500000,0x00000000fe500000,0x0000000100000000)
 ParOldGen       total 524288K, used 111278K [0x00000000d0000000, 0x00000000f0000000, 0x00000000f0000000)
  object space 524288K, 21% used [0x00000000d0000000,0x00000000d6cabb00,0x00000000f0000000)
 Metaspace       used 68956K, capacity 71246K, committed 71512K, reserved 1112064K
  class space    used 8329K, capacity 9023K, committed 9048K, reserved 1048576K
}
Event: 43.781 GC heap before
{Heap before GC invocations=31 (full 3):
 PSYoungGen      total 231936K, used 215174K [0x00000000f0000000, 0x0000000100000000, 0x0000000100000000)
  eden space 202752K, 100% used [0x00000000f0000000,0x00000000fc600000,0x00000000fc600000)
  from space 29184K, 42% used [0x00000000fc600000,0x00000000fd221838,0x00000000fe280000)
  to   space 27648K, 0% used [0x00000000fe500000,0x00000000fe500000,0x0000000100000000)
 ParOldGen       total 524288K, used 111278K [0x00000000d0000000, 0x00000000f0000000, 0x00000000f0000000)
  object space 524288K, 21% used [0x00000000d0000000,0x00000000d6cabb00,0x00000000f0000000)
 Metaspace       used 69776K, capacity 72564K, committed 72664K, reserved 1112064K
  class space    used 8482K, capacity 9346K, committed 9432K, reserved 1048576K
Event: 43.809 GC heap after
Heap after GC invocations=31 (full 3):
 PSYoungGen      total 235008K, used 15329K [0x00000000f0000000, 0x0000000100000000, 0x0000000100000000)
  eden space 207360K, 0% used [0x00000000f0000000,0x00000000f0000000,0x00000000fca80000)
  from space 27648K, 55% used [0x00000000fe500000,0x00000000ff3f8698,0x0000000100000000)
  to   space 27136K, 0% used [0x00000000fca80000,0x00000000fca80000,0x00000000fe500000)
 ParOldGen       total 524288K, used 111286K [0x00000000d0000000, 0x00000000f0000000, 0x00000000f0000000)
  object space 524288K, 21% used [0x00000000d0000000,0x00000000d6cadb00,0x00000000f0000000)
 Metaspace       used 69776K, capacity 72564K, committed 72664K, reserved 1112064K
  class space    used 8482K, capacity 9346K, committed 9432K, reserved 1048576K
}
Event: 111.162 GC heap before
{Heap before GC invocations=32 (full 3):
 PSYoungGen      total 235008K, used 222689K [0x00000000f0000000, 0x0000000100000000, 0x0000000100000000)
  eden space 207360K, 100% used [0x00000000f0000000,0x00000000fca80000,0x00000000fca80000)
  from space 27648K, 55% used [0x00000000fe500000,0x00000000ff3f8698,0x0000000100000000)
  to   space 27136K, 0% used [0x00000000fca80000,0x00000000fca80000,0x00000000fe500000)
 ParOldGen       total 524288K, used 111286K [0x00000000d0000000, 0x00000000f0000000, 0x00000000f0000000)
  object space 524288K, 21% used [0x00000000d0000000,0x00000000d6cadb00,0x00000000f0000000)
 Metaspace       used 71297K, capacity 74816K, committed 75096K, reserved 1114112K
  class space    used 8813K, capacity 10025K, committed 10072K, reserved 1048576K
Event: 111.183 GC heap after
Heap after GC invocations=32 (full 3):
 PSYoungGen      total 229888K, used 22417K [0x00000000f0000000, 0x0000000100000000, 0x0000000100000000)
  eden space 207360K, 0% used [0x00000000f0000000,0x00000000f0000000,0x00000000fca80000)
  from space 22528K, 99% used [0x00000000fca80000,0x00000000fe0647b0,0x00000000fe080000)
  to   space 29696K, 0% used [0x00000000fe300000,0x00000000fe300000,0x0000000100000000)
 ParOldGen       total 524288K, used 111294K [0x00000000d0000000, 0x00000000f0000000, 0x00000000f0000000)
  object space 524288K, 21% used [0x00000000d0000000,0x00000000d6cafb00,0x00000000f0000000)
 Metaspace       used 71297K, capacity 74816K, committed 75096K, reserved 1114112K
  class space    used 8813K, capacity 10025K, committed 10072K, reserved 1048576K
}
Event: 385.605 GC heap before
{Heap before GC invocations=33 (full 3):
 PSYoungGen      total 229888K, used 229777K [0x00000000f0000000, 0x0000000100000000, 0x0000000100000000)
  eden space 207360K, 100% used [0x00000000f0000000,0x00000000fca80000,0x00000000fca80000)
  from space 22528K, 99% used [0x00000000fca80000,0x00000000fe0647b0,0x00000000fe080000)
  to   space 29696K, 0% used [0x00000000fe300000,0x00000000fe300000,0x0000000100000000)
 ParOldGen       total 524288K, used 111294K [0x00000000d0000000, 0x00000000f0000000, 0x00000000f0000000)
  object space 524288K, 21% used [0x00000000d0000000,0x00000000d6cafb00,0x00000000f0000000)
 Metaspace       used 72459K, capacity 76212K, committed 76376K, reserved 1116160K
  class space    used 8966K, capacity 10224K, committed 10328K, reserved 1048576K
Event: 385.631 GC heap after
Heap after GC invocations=33 (full 3):
 PSYoungGen      total 225280K, used 28399K [0x00000000f0000000, 0x0000000100000000, 0x0000000100000000)
  eden space 195584K, 0% used [0x00000000f0000000,0x00000000f0000000,0x00000000fbf00000)
  from space 29696K, 95% used [0x00000000fe300000,0x00000000ffebbff0,0x0000000100000000)
  to   space 33280K, 0% used [0x00000000fbf00000,0x00000000fbf00000,0x00000000fdf80000)
 ParOldGen       total 524288K, used 111302K [0x00000000d0000000, 0x00000000f0000000, 0x00000000f0000000)
  object space 524288K, 21% used [0x00000000d0000000,0x00000000d6cb1b00,0x00000000f0000000)
 Metaspace       used 72459K, capacity 76212K, committed 76376K, reserved 1116160K
  class space    used 8966K, capacity 10224K, committed 10328K, reserved 1048576K
}
Event: 872.190 GC heap before
{Heap before GC invocations=34 (full 3):
 PSYoungGen      total 225280K, used 223983K [0x00000000f0000000, 0x0000000100000000, 0x0000000100000000)
  eden space 195584K, 100% used [0x00000000f0000000,0x00000000fbf00000,0x00000000fbf00000)
  from space 29696K, 95% used [0x00000000fe300000,0x00000000ffebbff0,0x0000000100000000)
  to   space 33280K, 0% used [0x00000000fbf00000,0x00000000fbf00000,0x00000000fdf80000)
 ParOldGen       total 524288K, used 111302K [0x00000000d0000000, 0x00000000f0000000, 0x00000000f0000000)
  object space 524288K, 21% used [0x00000000d0000000,0x00000000d6cb1b00,0x00000000f0000000)
 Metaspace       used 73553K, capacity 77378K, committed 77528K, reserved 1116160K
  class space    used 9059K, capacity 10340K, committed 10456K, reserved 1048576K
Event: 872.228 GC heap after
Heap after GC invocations=34 (full 3):
 PSYoungGen      total 228864K, used 33259K [0x00000000f0000000, 0x0000000100000000, 0x0000000100000000)
  eden space 195584K, 0% used [0x00000000f0000000,0x00000000f0000000,0x00000000fbf00000)
  from space 33280K, 99% used [0x00000000fbf00000,0x00000000fdf7ac40,0x00000000fdf80000)
  to   space 33280K, 0% used [0x00000000fdf80000,0x00000000fdf80000,0x0000000100000000)
 ParOldGen       total 524288K, used 117292K [0x00000000d0000000, 0x00000000f0000000, 0x00000000f0000000)
  object space 524288K, 22% used [0x00000000d0000000,0x00000000d728b140,0x00000000f0000000)
 Metaspace       used 73553K, capacity 77378K, committed 77528K, reserved 1116160K
  class space    used 9059K, capacity 10340K, committed 10456K, reserved 1048576K
}

