# JRE version: OpenJDK Runtime Environment (8.0_162-b12) (build 1.8.0_162-8u162-b12-0ubuntu0.16.04.2-b12)
# Java VM: OpenJDK 64-Bit Server VM (25.162-b12 mixed mode linux-amd64 compressed oops)
Heap:
 PSYoungGen      total 208384K, used 132099K [0x00000000f0000000, 0x0000000100000000, 0x0000000100000000)
  eden space 155136K, 74% used [0x00000000f0000000,0x00000000f7051de0,0x00000000f9780000)
  from space 53248K, 32% used [0x00000000f9780000,0x00000000fa82eff8,0x00000000fcb80000)
  to   space 51712K, 0% used [0x00000000fcd80000,0x00000000fcd80000,0x0000000100000000)
 ParOldGen       total 524288K, used 139915K [0x00000000d0000000, 0x00000000f0000000, 0x00000000f0000000)
  object space 524288K, 26% used [0x00000000d0000000,0x00000000d88a2d48,0x00000000f0000000)
 Metaspace       used 81062K, capacity 87834K, committed 88024K, reserved 1126400K
  class space    used 10170K, capacity 11973K, committed 11992K, reserved 1048576K
GC Heap History (10 events):
Event: 2945.287 GC heap before
{Heap before GC invocations=50 (full 3):
 PSYoungGen      total 206336K, used 166225K [0x00000000f0000000, 0x0000000100000000, 0x0000000100000000)
  eden space 150528K, 99% used [0x00000000f0000000,0x00000000f92f0a60,0x00000000f9300000)
  from space 55808K, 28% used [0x00000000fc980000,0x00000000fd8e3c98,0x0000000100000000)
  to   space 55808K, 0% used [0x00000000f9300000,0x00000000f9300000,0x00000000fc980000)
 ParOldGen       total 524288K, used 132905K [0x00000000d0000000, 0x00000000f0000000, 0x00000000f0000000)
  object space 524288K, 25% used [0x00000000d0000000,0x00000000d81ca5b0,0x00000000f0000000)
 Metaspace       used 77827K, capacity 84074K, committed 84312K, reserved 1122304K
  class space    used 9859K, capacity 11543K, committed 11608K, reserved 1048576K
Event: 2945.305 GC heap after
Heap after GC invocations=50 (full 3):
 PSYoungGen      total 206336K, used 17734K [0x00000000f0000000, 0x0000000100000000, 0x0000000100000000)
  eden space 150528K, 0% used [0x00000000f0000000,0x00000000f0000000,0x00000000f9300000)
  from space 55808K, 31% used [0x00000000f9300000,0x00000000fa451960,0x00000000fc980000)
  to   space 55296K, 0% used [0x00000000fca00000,0x00000000fca00000,0x0000000100000000)
 ParOldGen       total 524288K, used 133273K [0x00000000d0000000, 0x00000000f0000000, 0x00000000f0000000)
  object space 524288K, 25% used [0x00000000d0000000,0x00000000d82265b0,0x00000000f0000000)
 Metaspace       used 77827K, capacity 84074K, committed 84312K, reserved 1122304K
  class space    used 9859K, capacity 11543K, committed 11608K, reserved 1048576K
}
Event: 3593.919 GC heap before
{Heap before GC invocations=51 (full 3):
 PSYoungGen      total 206336K, used 168262K [0x00000000f0000000, 0x0000000100000000, 0x0000000100000000)
  eden space 150528K, 100% used [0x00000000f0000000,0x00000000f9300000,0x00000000f9300000)
  from space 55808K, 31% used [0x00000000f9300000,0x00000000fa451960,0x00000000fc980000)
  to   space 55296K, 0% used [0x00000000fca00000,0x00000000fca00000,0x0000000100000000)
 ParOldGen       total 524288K, used 133273K [0x00000000d0000000, 0x00000000f0000000, 0x00000000f0000000)
  object space 524288K, 25% used [0x00000000d0000000,0x00000000d82265b0,0x00000000f0000000)
 Metaspace       used 78121K, capacity 84564K, committed 84696K, reserved 1122304K
  class space    used 9929K, capacity 11650K, committed 11736K, reserved 1048576K
Event: 3593.931 GC heap after
Heap after GC invocations=51 (full 3):
 PSYoungGen      total 207360K, used 17039K [0x00000000f0000000, 0x0000000100000000, 0x0000000100000000)
  eden space 152064K, 0% used [0x00000000f0000000,0x00000000f0000000,0x00000000f9480000)
  from space 55296K, 30% used [0x00000000fca00000,0x00000000fdaa3c98,0x0000000100000000)
  to   space 54784K, 0% used [0x00000000f9480000,0x00000000f9480000,0x00000000fca00000)
 ParOldGen       total 524288K, used 133329K [0x00000000d0000000, 0x00000000f0000000, 0x00000000f0000000)
  object space 524288K, 25% used [0x00000000d0000000,0x00000000d82345b0,0x00000000f0000000)
 Metaspace       used 78121K, capacity 84564K, committed 84696K, reserved 1122304K
  class space    used 9929K, capacity 11650K, committed 11736K, reserved 1048576K
}
Event: 3738.425 GC heap before
{Heap before GC invocations=52 (full 3):
 PSYoungGen      total 207360K, used 169103K [0x00000000f0000000, 0x0000000100000000, 0x0000000100000000)
  eden space 152064K, 100% used [0x00000000f0000000,0x00000000f9480000,0x00000000f9480000)
  from space 55296K, 30% used [0x00000000fca00000,0x00000000fdaa3c98,0x0000000100000000)
  to   space 54784K, 0% used [0x00000000f9480000,0x00000000f9480000,0x00000000fca00000)
 ParOldGen       total 524288K, used 133329K [0x00000000d0000000, 0x00000000f0000000, 0x00000000f0000000)
  object space 524288K, 25% used [0x00000000d0000000,0x00000000d82345b0,0x00000000f0000000)
 Metaspace       used 78664K, capacity 85200K, committed 85464K, reserved 1122304K
  class space    used 9968K, capacity 11725K, committed 11736K, reserved 1048576K
Event: 3738.443 GC heap after
Heap after GC invocations=52 (full 3):
 PSYoungGen      total 206848K, used 15001K [0x00000000f0000000, 0x0000000100000000, 0x0000000100000000)
  eden space 152064K, 0% used [0x00000000f0000000,0x00000000f0000000,0x00000000f9480000)
  from space 54784K, 27% used [0x00000000f9480000,0x00000000fa326588,0x00000000fca00000)
  to   space 53760K, 0% used [0x00000000fcb80000,0x00000000fcb80000,0x0000000100000000)
 ParOldGen       total 524288K, used 139473K [0x00000000d0000000, 0x00000000f0000000, 0x00000000f0000000)
  object space 524288K, 26% used [0x00000000d0000000,0x00000000d88345e8,0x00000000f0000000)
 Metaspace       used 78664K, capacity 85200K, committed 85464K, reserved 1122304K
  class space    used 9968K, capacity 11725K, committed 11736K, reserved 1048576K
}
Event: 4053.359 GC heap before
{Heap before GC invocations=53 (full 3):
 PSYoungGen      total 206848K, used 167065K [0x00000000f0000000, 0x0000000100000000, 0x0000000100000000)
  eden space 152064K, 100% used [0x00000000f0000000,0x00000000f9480000,0x00000000f9480000)
  from space 54784K, 27% used [0x00000000f9480000,0x00000000fa326588,0x00000000fca00000)
  to   space 53760K, 0% used [0x00000000fcb80000,0x00000000fcb80000,0x0000000100000000)
 ParOldGen       total 524288K, used 139473K [0x00000000d0000000, 0x00000000f0000000, 0x00000000f0000000)
  object space 524288K, 26% used [0x00000000d0000000,0x00000000d88345e8,0x00000000f0000000)
 Metaspace       used 79461K, capacity 86108K, committed 86360K, reserved 1124352K
  class space    used 10028K, capacity 11782K, committed 11864K, reserved 1048576K
Event: 4053.370 GC heap after
Heap after GC invocations=53 (full 3):
 PSYoungGen      total 208896K, used 15296K [0x00000000f0000000, 0x0000000100000000, 0x0000000100000000)
  eden space 155136K, 0% used [0x00000000f0000000,0x00000000f0000000,0x00000000f9780000)
  from space 53760K, 28% used [0x00000000fcb80000,0x00000000fda701c8,0x0000000100000000)
  to   space 53248K, 0% used [0x00000000f9780000,0x00000000f9780000,0x00000000fcb80000)
 ParOldGen       total 524288K, used 139505K [0x00000000d0000000, 0x00000000f0000000, 0x00000000f0000000)
  object space 524288K, 26% used [0x00000000d0000000,0x00000000d883c5e8,0x00000000f0000000)
 Metaspace       used 79461K, capacity 86108K, committed 86360K, reserved 1124352K
  class space    used 10028K, capacity 11782K, committed 11864K, reserved 1048576K
}
Event: 4398.811 GC heap before
{Heap before GC invocations=54 (full 3):
 PSYoungGen      total 208896K, used 170432K [0x00000000f0000000, 0x0000000100000000, 0x0000000100000000)
  eden space 155136K, 100% used [0x00000000f0000000,0x00000000f9780000,0x00000000f9780000)
  from space 53760K, 28% used [0x00000000fcb80000,0x00000000fda701c8,0x0000000100000000)
  to   space 53248K, 0% used [0x00000000f9780000,0x00000000f9780000,0x00000000fcb80000)
 ParOldGen       total 524288K, used 139505K [0x00000000d0000000, 0x00000000f0000000, 0x00000000f0000000)
  object space 524288K, 26% used [0x00000000d0000000,0x00000000d883c5e8,0x00000000f0000000)
 Metaspace       used 80387K, capacity 87150K, committed 87256K, reserved 1124352K
  class space    used 10135K, capacity 11955K, committed 11992K, reserved 1048576K
Event: 4398.835 GC heap after
Heap after GC invocations=54 (full 3):
 PSYoungGen      total 208384K, used 17083K [0x00000000f0000000, 0x0000000100000000, 0x0000000100000000)
  eden space 155136K, 0% used [0x00000000f0000000,0x00000000f0000000,0x00000000f9780000)
  from space 53248K, 32% used [0x00000000f9780000,0x00000000fa82eff8,0x00000000fcb80000)
  to   space 51712K, 0% used [0x00000000fcd80000,0x00000000fcd80000,0x0000000100000000)
 ParOldGen       total 524288K, used 139915K [0x00000000d0000000, 0x00000000f0000000, 0x00000000f0000000)
  object space 524288K, 26% used [0x00000000d0000000,0x00000000d88a2d48,0x00000000f0000000)
 Metaspace       used 80387K, capacity 87150K, committed 87256K, reserved 1124352K
  class space    used 10135K, capacity 11955K, committed 11992K, reserved 1048576K
}

