# JRE version: OpenJDK Runtime Environment (8.0_162-b12) (build 1.8.0_162-8u162-b12-0ubuntu0.16.04.2-b12)
# Java VM: OpenJDK 64-Bit Server VM (25.162-b12 mixed mode linux-amd64 compressed oops)
Heap:
 PSYoungGen      total 205824K, used 92690K [0x00000000f0000000, 0x0000000100000000, 0x0000000100000000)
  eden space 150528K, 36% used [0x00000000f0000000,0x00000000f3514d70,0x00000000f9300000)
  from space 55296K, 69% used [0x00000000fca00000,0x00000000fef6fd98,0x0000000100000000)
  to   space 55808K, 0% used [0x00000000f9300000,0x00000000f9300000,0x00000000fc980000)
 ParOldGen       total 524288K, used 107572K [0x00000000d0000000, 0x00000000f0000000, 0x00000000f0000000)
  object space 524288K, 20% used [0x00000000d0000000,0x00000000d690d0b0,0x00000000f0000000)
 Metaspace       used 75521K, capacity 80798K, committed 80856K, reserved 1120256K
  class space    used 9466K, capacity 10939K, committed 10968K, reserved 1048576K
GC Heap History (10 events):
Event: 1994.967 GC heap before
{Heap before GC invocations=39 (full 3):
 PSYoungGen      total 194048K, used 193818K [0x00000000f0000000, 0x0000000100000000, 0x0000000100000000)
  eden space 151552K, 100% used [0x00000000f0000000,0x00000000f9400000,0x00000000f9400000)
  from space 42496K, 99% used [0x00000000f9400000,0x00000000fbd46ab0,0x00000000fbd80000)
  to   space 58368K, 0% used [0x00000000fc700000,0x00000000fc700000,0x0000000100000000)
 ParOldGen       total 524288K, used 92218K [0x00000000d0000000, 0x00000000f0000000, 0x00000000f0000000)
  object space 524288K, 17% used [0x00000000d0000000,0x00000000d5a0ead8,0x00000000f0000000)
 Metaspace       used 73558K, capacity 77878K, committed 78040K, reserved 1116160K
  class space    used 9130K, capacity 10392K, committed 10456K, reserved 1048576K
Event: 1994.998 GC heap after
Heap after GC invocations=39 (full 3):
 PSYoungGen      total 200704K, used 40010K [0x00000000f0000000, 0x0000000100000000, 0x0000000100000000)
  eden space 142336K, 0% used [0x00000000f0000000,0x00000000f0000000,0x00000000f8b00000)
  from space 58368K, 68% used [0x00000000fc700000,0x00000000fee12bb0,0x0000000100000000)
  to   space 59904K, 0% used [0x00000000f8b00000,0x00000000f8b00000,0x00000000fc580000)
 ParOldGen       total 524288K, used 94226K [0x00000000d0000000, 0x00000000f0000000, 0x00000000f0000000)
  object space 524288K, 17% used [0x00000000d0000000,0x00000000d5c04978,0x00000000f0000000)
 Metaspace       used 73558K, capacity 77878K, committed 78040K, reserved 1116160K
  class space    used 9130K, capacity 10392K, committed 10456K, reserved 1048576K
}
Event: 2586.600 GC heap before
{Heap before GC invocations=40 (full 3):
 PSYoungGen      total 200704K, used 182346K [0x00000000f0000000, 0x0000000100000000, 0x0000000100000000)
  eden space 142336K, 100% used [0x00000000f0000000,0x00000000f8b00000,0x00000000f8b00000)
  from space 58368K, 68% used [0x00000000fc700000,0x00000000fee12bb0,0x0000000100000000)
  to   space 59904K, 0% used [0x00000000f8b00000,0x00000000f8b00000,0x00000000fc580000)
 ParOldGen       total 524288K, used 94226K [0x00000000d0000000, 0x00000000f0000000, 0x00000000f0000000)
  object space 524288K, 17% used [0x00000000d0000000,0x00000000d5c04978,0x00000000f0000000)
 Metaspace       used 73981K, capacity 78556K, committed 78680K, reserved 1118208K
  class space    used 9210K, capacity 10495K, committed 10584K, reserved 1048576K
Event: 2586.629 GC heap after
Heap after GC invocations=40 (full 3):
 PSYoungGen      total 202240K, used 37009K [0x00000000f0000000, 0x0000000100000000, 0x0000000100000000)
  eden space 142336K, 0% used [0x00000000f0000000,0x00000000f0000000,0x00000000f8b00000)
  from space 59904K, 61% used [0x00000000f8b00000,0x00000000faf24508,0x00000000fc580000)
  to   space 59392K, 0% used [0x00000000fc600000,0x00000000fc600000,0x0000000100000000)
 ParOldGen       total 524288K, used 97958K [0x00000000d0000000, 0x00000000f0000000, 0x00000000f0000000)
  object space 524288K, 18% used [0x00000000d0000000,0x00000000d5fa99a8,0x00000000f0000000)
 Metaspace       used 73981K, capacity 78556K, committed 78680K, reserved 1118208K
  class space    used 9210K, capacity 10495K, committed 10584K, reserved 1048576K
}
Event: 2737.602 GC heap before
{Heap before GC invocations=41 (full 3):
 PSYoungGen      total 202240K, used 179345K [0x00000000f0000000, 0x0000000100000000, 0x0000000100000000)
  eden space 142336K, 100% used [0x00000000f0000000,0x00000000f8b00000,0x00000000f8b00000)
  from space 59904K, 61% used [0x00000000f8b00000,0x00000000faf24508,0x00000000fc580000)
  to   space 59392K, 0% used [0x00000000fc600000,0x00000000fc600000,0x0000000100000000)
 ParOldGen       total 524288K, used 97958K [0x00000000d0000000, 0x00000000f0000000, 0x00000000f0000000)
  object space 524288K, 18% used [0x00000000d0000000,0x00000000d5fa99a8,0x00000000f0000000)
 Metaspace       used 74438K, capacity 79386K, committed 79576K, reserved 1118208K
  class space    used 9309K, capacity 10652K, committed 10712K, reserved 1048576K
Event: 2737.627 GC heap after
Heap after GC invocations=41 (full 3):
 PSYoungGen      total 204800K, used 32369K [0x00000000f0000000, 0x0000000100000000, 0x0000000100000000)
  eden space 145408K, 0% used [0x00000000f0000000,0x00000000f0000000,0x00000000f8e00000)
  from space 59392K, 54% used [0x00000000fc600000,0x00000000fe59c508,0x0000000100000000)
  to   space 57344K, 0% used [0x00000000f8e00000,0x00000000f8e00000,0x00000000fc600000)
 ParOldGen       total 524288K, used 102289K [0x00000000d0000000, 0x00000000f0000000, 0x00000000f0000000)
  object space 524288K, 19% used [0x00000000d0000000,0x00000000d63e4608,0x00000000f0000000)
 Metaspace       used 74438K, capacity 79386K, committed 79576K, reserved 1118208K
  class space    used 9309K, capacity 10652K, committed 10712K, reserved 1048576K
}
Event: 3220.152 GC heap before
{Heap before GC invocations=42 (full 3):
 PSYoungGen      total 204800K, used 177777K [0x00000000f0000000, 0x0000000100000000, 0x0000000100000000)
  eden space 145408K, 100% used [0x00000000f0000000,0x00000000f8e00000,0x00000000f8e00000)
  from space 59392K, 54% used [0x00000000fc600000,0x00000000fe59c508,0x0000000100000000)
  to   space 57344K, 0% used [0x00000000f8e00000,0x00000000f8e00000,0x00000000fc600000)
 ParOldGen       total 524288K, used 102289K [0x00000000d0000000, 0x00000000f0000000, 0x00000000f0000000)
  object space 524288K, 19% used [0x00000000d0000000,0x00000000d63e4608,0x00000000f0000000)
 Metaspace       used 74859K, capacity 80076K, committed 80344K, reserved 1118208K
  class space    used 9409K, capacity 10883K, committed 10968K, reserved 1048576K
Event: 3220.180 GC heap after
Heap after GC invocations=42 (full 3):
 PSYoungGen      total 202752K, used 31756K [0x00000000f0000000, 0x0000000100000000, 0x0000000100000000)
  eden space 145408K, 0% used [0x00000000f0000000,0x00000000f0000000,0x00000000f8e00000)
  from space 57344K, 55% used [0x00000000f8e00000,0x00000000fad03188,0x00000000fc600000)
  to   space 55296K, 0% used [0x00000000fca00000,0x00000000fca00000,0x0000000100000000)
 ParOldGen       total 524288K, used 105293K [0x00000000d0000000, 0x00000000f0000000, 0x00000000f0000000)
  object space 524288K, 20% used [0x00000000d0000000,0x00000000d66d3628,0x00000000f0000000)
 Metaspace       used 74859K, capacity 80076K, committed 80344K, reserved 1118208K
  class space    used 9409K, capacity 10883K, committed 10968K, reserved 1048576K
}
Event: 4100.842 GC heap before
{Heap before GC invocations=43 (full 3):
 PSYoungGen      total 202752K, used 177164K [0x00000000f0000000, 0x0000000100000000, 0x0000000100000000)
  eden space 145408K, 100% used [0x00000000f0000000,0x00000000f8e00000,0x00000000f8e00000)
  from space 57344K, 55% used [0x00000000f8e00000,0x00000000fad03188,0x00000000fc600000)
  to   space 55296K, 0% used [0x00000000fca00000,0x00000000fca00000,0x0000000100000000)
 ParOldGen       total 524288K, used 105293K [0x00000000d0000000, 0x00000000f0000000, 0x00000000f0000000)
  object space 524288K, 20% used [0x00000000d0000000,0x00000000d66d3628,0x00000000f0000000)
 Metaspace       used 75135K, capacity 80414K, committed 80600K, reserved 1118208K
  class space    used 9450K, capacity 10939K, committed 10968K, reserved 1048576K
Event: 4100.887 GC heap after
Heap after GC invocations=43 (full 3):
 PSYoungGen      total 205824K, used 38335K [0x00000000f0000000, 0x0000000100000000, 0x0000000100000000)
  eden space 150528K, 0% used [0x00000000f0000000,0x00000000f0000000,0x00000000f9300000)
  from space 55296K, 69% used [0x00000000fca00000,0x00000000fef6fd98,0x0000000100000000)
  to   space 55808K, 0% used [0x00000000f9300000,0x00000000f9300000,0x00000000fc980000)
 ParOldGen       total 524288K, used 107572K [0x00000000d0000000, 0x00000000f0000000, 0x00000000f0000000)
  object space 524288K, 20% used [0x00000000d0000000,0x00000000d690d0b0,0x00000000f0000000)
 Metaspace       used 75135K, capacity 80414K, committed 80600K, reserved 1118208K
  class space    used 9450K, capacity 10939K, committed 10968K, reserved 1048576K
}

