# JRE version: OpenJDK Runtime Environment (8.0_162-b12) (build 1.8.0_162-8u162-b12-0ubuntu0.16.04.2-b12)
# Java VM: OpenJDK 64-Bit Server VM (25.162-b12 mixed mode linux-amd64 compressed oops)
Heap:
 PSYoungGen      total 181760K, used 76058K [0x00000000f0000000, 0x0000000100000000, 0x0000000100000000)
  eden space 124928K, 15% used [0x00000000f0000000,0x00000000f130c840,0x00000000f7a00000)
  from space 56832K, 99% used [0x00000000f7a00000,0x00000000fb13a060,0x00000000fb180000)
  to   space 74240K, 0% used [0x00000000fb780000,0x00000000fb780000,0x0000000100000000)
 ParOldGen       total 524288K, used 92746K [0x00000000d0000000, 0x00000000f0000000, 0x00000000f0000000)
  object space 524288K, 17% used [0x00000000d0000000,0x00000000d5a92980,0x00000000f0000000)
 Metaspace       used 75171K, capacity 80084K, committed 80216K, reserved 1118208K
  class space    used 9278K, capacity 10713K, committed 10840K, reserved 1048576K
GC Heap History (10 events):
Event: 120.611 GC heap before
{Heap before GC invocations=34 (full 3):
 PSYoungGen      total 206336K, used 203237K [0x00000000f0000000, 0x0000000100000000, 0x0000000100000000)
  eden space 163840K, 100% used [0x00000000f0000000,0x00000000fa000000,0x00000000fa000000)
  from space 42496K, 92% used [0x00000000fd680000,0x00000000ffcf9600,0x0000000100000000)
  to   space 49152K, 0% used [0x00000000fa000000,0x00000000fa000000,0x00000000fd000000)
 ParOldGen       total 524288K, used 92706K [0x00000000d0000000, 0x00000000f0000000, 0x00000000f0000000)
  object space 524288K, 17% used [0x00000000d0000000,0x00000000d5a88980,0x00000000f0000000)
 Metaspace       used 72482K, capacity 76590K, committed 76632K, reserved 1116160K
  class space    used 9001K, capacity 10286K, committed 10328K, reserved 1048576K
Event: 120.640 GC heap after
Heap after GC invocations=34 (full 3):
 PSYoungGen      total 205824K, used 41766K [0x00000000f0000000, 0x0000000100000000, 0x0000000100000000)
  eden space 163840K, 0% used [0x00000000f0000000,0x00000000f0000000,0x00000000fa000000)
  from space 41984K, 99% used [0x00000000fa000000,0x00000000fc8c9bd8,0x00000000fc900000)
  to   space 53760K, 0% used [0x00000000fcb80000,0x00000000fcb80000,0x0000000100000000)
 ParOldGen       total 524288K, used 92714K [0x00000000d0000000, 0x00000000f0000000, 0x00000000f0000000)
  object space 524288K, 17% used [0x00000000d0000000,0x00000000d5a8a980,0x00000000f0000000)
 Metaspace       used 72482K, capacity 76590K, committed 76632K, reserved 1116160K
  class space    used 9001K, capacity 10286K, committed 10328K, reserved 1048576K
}
Event: 136.425 GC heap before
{Heap before GC invocations=35 (full 3):
 PSYoungGen      total 205824K, used 205606K [0x00000000f0000000, 0x0000000100000000, 0x0000000100000000)
  eden space 163840K, 100% used [0x00000000f0000000,0x00000000fa000000,0x00000000fa000000)
  from space 41984K, 99% used [0x00000000fa000000,0x00000000fc8c9bd8,0x00000000fc900000)
  to   space 53760K, 0% used [0x00000000fcb80000,0x00000000fcb80000,0x0000000100000000)
 ParOldGen       total 524288K, used 92714K [0x00000000d0000000, 0x00000000f0000000, 0x00000000f0000000)
  object space 524288K, 17% used [0x00000000d0000000,0x00000000d5a8a980,0x00000000f0000000)
 Metaspace       used 73834K, capacity 78286K, committed 78424K, reserved 1118208K
  class space    used 9144K, capacity 10493K, committed 10584K, reserved 1048576K
Event: 136.460 GC heap after
Heap after GC invocations=35 (full 3):
 PSYoungGen      total 196096K, used 48478K [0x00000000f0000000, 0x0000000100000000, 0x0000000100000000)
  eden space 142336K, 0% used [0x00000000f0000000,0x00000000f0000000,0x00000000f8b00000)
  from space 53760K, 90% used [0x00000000fcb80000,0x00000000ffad7960,0x0000000100000000)
  to   space 59904K, 0% used [0x00000000f8b00000,0x00000000f8b00000,0x00000000fc580000)
 ParOldGen       total 524288K, used 92722K [0x00000000d0000000, 0x00000000f0000000, 0x00000000f0000000)
  object space 524288K, 17% used [0x00000000d0000000,0x00000000d5a8c980,0x00000000f0000000)
 Metaspace       used 73834K, capacity 78286K, committed 78424K, reserved 1118208K
  class space    used 9144K, capacity 10493K, committed 10584K, reserved 1048576K
}
Event: 223.972 GC heap before
{Heap before GC invocations=36 (full 3):
 PSYoungGen      total 196096K, used 190814K [0x00000000f0000000, 0x0000000100000000, 0x0000000100000000)
  eden space 142336K, 100% used [0x00000000f0000000,0x00000000f8b00000,0x00000000f8b00000)
  from space 53760K, 90% used [0x00000000fcb80000,0x00000000ffad7960,0x0000000100000000)
  to   space 59904K, 0% used [0x00000000f8b00000,0x00000000f8b00000,0x00000000fc580000)
 ParOldGen       total 524288K, used 92722K [0x00000000d0000000, 0x00000000f0000000, 0x00000000f0000000)
  object space 524288K, 17% used [0x00000000d0000000,0x00000000d5a8c980,0x00000000f0000000)
 Metaspace       used 74276K, capacity 79134K, committed 79320K, reserved 1118208K
  class space    used 9211K, capacity 10630K, committed 10712K, reserved 1048576K
Event: 224.007 GC heap after
Heap after GC invocations=36 (full 3):
 PSYoungGen      total 192000K, used 49336K [0x00000000f0000000, 0x0000000100000000, 0x0000000100000000)
  eden space 142336K, 0% used [0x00000000f0000000,0x00000000f0000000,0x00000000f8b00000)
  from space 49664K, 99% used [0x00000000f8b00000,0x00000000fbb2e1d0,0x00000000fbb80000)
  to   space 64512K, 0% used [0x00000000fc100000,0x00000000fc100000,0x0000000100000000)
 ParOldGen       total 524288K, used 92730K [0x00000000d0000000, 0x00000000f0000000, 0x00000000f0000000)
  object space 524288K, 17% used [0x00000000d0000000,0x00000000d5a8e980,0x00000000f0000000)
 Metaspace       used 74276K, capacity 79134K, committed 79320K, reserved 1118208K
  class space    used 9211K, capacity 10630K, committed 10712K, reserved 1048576K
}
Event: 330.321 GC heap before
{Heap before GC invocations=37 (full 3):
 PSYoungGen      total 192000K, used 191672K [0x00000000f0000000, 0x0000000100000000, 0x0000000100000000)
  eden space 142336K, 100% used [0x00000000f0000000,0x00000000f8b00000,0x00000000f8b00000)
  from space 49664K, 99% used [0x00000000f8b00000,0x00000000fbb2e1d0,0x00000000fbb80000)
  to   space 64512K, 0% used [0x00000000fc100000,0x00000000fc100000,0x0000000100000000)
 ParOldGen       total 524288K, used 92730K [0x00000000d0000000, 0x00000000f0000000, 0x00000000f0000000)
  object space 524288K, 17% used [0x00000000d0000000,0x00000000d5a8e980,0x00000000f0000000)
 Metaspace       used 74675K, capacity 79560K, committed 79832K, reserved 1118208K
  class space    used 9224K, capacity 10637K, committed 10712K, reserved 1048576K
Event: 330.362 GC heap after
Heap after GC invocations=37 (full 3):
 PSYoungGen      total 189440K, used 49458K [0x00000000f0000000, 0x0000000100000000, 0x0000000100000000)
  eden space 124928K, 0% used [0x00000000f0000000,0x00000000f0000000,0x00000000f7a00000)
  from space 64512K, 76% used [0x00000000fc100000,0x00000000ff14cba8,0x0000000100000000)
  to   space 68608K, 0% used [0x00000000f7a00000,0x00000000f7a00000,0x00000000fbd00000)
 ParOldGen       total 524288K, used 92738K [0x00000000d0000000, 0x00000000f0000000, 0x00000000f0000000)
  object space 524288K, 17% used [0x00000000d0000000,0x00000000d5a90980,0x00000000f0000000)
 Metaspace       used 74675K, capacity 79560K, committed 79832K, reserved 1118208K
  class space    used 9224K, capacity 10637K, committed 10712K, reserved 1048576K
}
Event: 383.584 GC heap before
{Heap before GC invocations=38 (full 3):
 PSYoungGen      total 189440K, used 174386K [0x00000000f0000000, 0x0000000100000000, 0x0000000100000000)
  eden space 124928K, 100% used [0x00000000f0000000,0x00000000f7a00000,0x00000000f7a00000)
  from space 64512K, 76% used [0x00000000fc100000,0x00000000ff14cba8,0x0000000100000000)
  to   space 68608K, 0% used [0x00000000f7a00000,0x00000000f7a00000,0x00000000fbd00000)
 ParOldGen       total 524288K, used 92738K [0x00000000d0000000, 0x00000000f0000000, 0x00000000f0000000)
  object space 524288K, 17% used [0x00000000d0000000,0x00000000d5a90980,0x00000000f0000000)
 Metaspace       used 74876K, capacity 79760K, committed 79832K, reserved 1118208K
  class space    used 9254K, capacity 10675K, committed 10712K, reserved 1048576K
Event: 383.651 GC heap after
Heap after GC invocations=38 (full 3):
 PSYoungGen      total 181760K, used 56552K [0x00000000f0000000, 0x0000000100000000, 0x0000000100000000)
  eden space 124928K, 0% used [0x00000000f0000000,0x00000000f0000000,0x00000000f7a00000)
  from space 56832K, 99% used [0x00000000f7a00000,0x00000000fb13a060,0x00000000fb180000)
  to   space 74240K, 0% used [0x00000000fb780000,0x00000000fb780000,0x0000000100000000)
 ParOldGen       total 524288K, used 92746K [0x00000000d0000000, 0x00000000f0000000, 0x00000000f0000000)
  object space 524288K, 17% used [0x00000000d0000000,0x00000000d5a92980,0x00000000f0000000)
 Metaspace       used 74876K, capacity 79760K, committed 79832K, reserved 1118208K
  class space    used 9254K, capacity 10675K, committed 10712K, reserved 1048576K
}

