# JRE version: OpenJDK Runtime Environment (8.0_162-b12) (build 1.8.0_162-8u162-b12-0ubuntu0.16.04.2-b12)
# Java VM: OpenJDK 64-Bit Server VM (25.162-b12 mixed mode linux-amd64 compressed oops)
Heap:
 PSYoungGen      total 192512K, used 102206K [0x00000000f0000000, 0x0000000100000000, 0x0000000100000000)
  eden space 151552K, 40% used [0x00000000f0000000,0x00000000f3c16110,0x00000000f9400000)
  from space 40960K, 99% used [0x00000000f9400000,0x00000000fbbb9740,0x00000000fbc00000)
  to   space 57856K, 0% used [0x00000000fc780000,0x00000000fc780000,0x0000000100000000)
 ParOldGen       total 524288K, used 91342K [0x00000000d0000000, 0x00000000f0000000, 0x00000000f0000000)
  object space 524288K, 17% used [0x00000000d0000000,0x00000000d5933858,0x00000000f0000000)
 Metaspace       used 71564K, capacity 75494K, committed 75776K, reserved 1116160K
  class space    used 8849K, capacity 9939K, committed 9984K, reserved 1048576K
GC Heap History (10 events):
Event: 594.770 GC heap before
{Heap before GC invocations=30 (full 3):
 PSYoungGen      total 223744K, used 209691K [0x00000000f0000000, 0x0000000100000000, 0x0000000100000000)
  eden space 185344K, 100% used [0x00000000f0000000,0x00000000fb500000,0x00000000fb500000)
  from space 38400K, 63% used [0x00000000fda80000,0x00000000ff246d00,0x0000000100000000)
  to   space 38400K, 0% used [0x00000000fb500000,0x00000000fb500000,0x00000000fda80000)
 ParOldGen       total 524288K, used 91326K [0x00000000d0000000, 0x00000000f0000000, 0x00000000f0000000)
  object space 524288K, 17% used [0x00000000d0000000,0x00000000d592f858,0x00000000f0000000)
 Metaspace       used 68848K, capacity 71418K, committed 71680K, reserved 1112064K
  class space    used 8396K, capacity 9176K, committed 9216K, reserved 1048576K
Event: 594.818 GC heap after
Heap after GC invocations=30 (full 3):
 PSYoungGen      total 218624K, used 33015K [0x00000000f0000000, 0x0000000100000000, 0x0000000100000000)
  eden space 185344K, 0% used [0x00000000f0000000,0x00000000f0000000,0x00000000fb500000)
  from space 33280K, 99% used [0x00000000fb500000,0x00000000fd53dc28,0x00000000fd580000)
  to   space 41984K, 0% used [0x00000000fd700000,0x00000000fd700000,0x0000000100000000)
 ParOldGen       total 524288K, used 91334K [0x00000000d0000000, 0x00000000f0000000, 0x00000000f0000000)
  object space 524288K, 17% used [0x00000000d0000000,0x00000000d5931858,0x00000000f0000000)
 Metaspace       used 68848K, capacity 71418K, committed 71680K, reserved 1112064K
  class space    used 8396K, capacity 9176K, committed 9216K, reserved 1048576K
}
Event: 679.294 GC heap before
{Heap before GC invocations=31 (full 3):
 PSYoungGen      total 218624K, used 218359K [0x00000000f0000000, 0x0000000100000000, 0x0000000100000000)
  eden space 185344K, 100% used [0x00000000f0000000,0x00000000fb500000,0x00000000fb500000)
  from space 33280K, 99% used [0x00000000fb500000,0x00000000fd53dc28,0x00000000fd580000)
  to   space 41984K, 0% used [0x00000000fd700000,0x00000000fd700000,0x0000000100000000)
 ParOldGen       total 524288K, used 91334K [0x00000000d0000000, 0x00000000f0000000, 0x00000000f0000000)
  object space 524288K, 17% used [0x00000000d0000000,0x00000000d5931858,0x00000000f0000000)
 Metaspace       used 69539K, capacity 72528K, committed 72704K, reserved 1112064K
  class space    used 8541K, capacity 9419K, committed 9472K, reserved 1048576K
Event: 679.330 GC heap after
Heap after GC invocations=31 (full 3):
 PSYoungGen      total 212992K, used 35590K [0x00000000f0000000, 0x0000000100000000, 0x0000000100000000)
  eden space 171008K, 0% used [0x00000000f0000000,0x00000000f0000000,0x00000000fa700000)
  from space 41984K, 84% used [0x00000000fd700000,0x00000000ff9c1a08,0x0000000100000000)
  to   space 45568K, 0% used [0x00000000fa700000,0x00000000fa700000,0x00000000fd380000)
 ParOldGen       total 524288K, used 91334K [0x00000000d0000000, 0x00000000f0000000, 0x00000000f0000000)
  object space 524288K, 17% used [0x00000000d0000000,0x00000000d5931858,0x00000000f0000000)
 Metaspace       used 69539K, capacity 72528K, committed 72704K, reserved 1112064K
  class space    used 8541K, capacity 9419K, committed 9472K, reserved 1048576K
}
Event: 679.928 GC heap before
{Heap before GC invocations=32 (full 3):
 PSYoungGen      total 212992K, used 206598K [0x00000000f0000000, 0x0000000100000000, 0x0000000100000000)
  eden space 171008K, 100% used [0x00000000f0000000,0x00000000fa700000,0x00000000fa700000)
  from space 41984K, 84% used [0x00000000fd700000,0x00000000ff9c1a08,0x0000000100000000)
  to   space 45568K, 0% used [0x00000000fa700000,0x00000000fa700000,0x00000000fd380000)
 ParOldGen       total 524288K, used 91334K [0x00000000d0000000, 0x00000000f0000000, 0x00000000f0000000)
  object space 524288K, 17% used [0x00000000d0000000,0x00000000d5931858,0x00000000f0000000)
 Metaspace       used 70152K, capacity 73364K, committed 73600K, reserved 1114112K
  class space    used 8640K, capacity 9532K, committed 9600K, reserved 1048576K
Event: 679.995 GC heap after
Heap after GC invocations=32 (full 3):
 PSYoungGen      total 209408K, used 38003K [0x00000000f0000000, 0x0000000100000000, 0x0000000100000000)
  eden space 171008K, 0% used [0x00000000f0000000,0x00000000f0000000,0x00000000fa700000)
  from space 38400K, 98% used [0x00000000fa700000,0x00000000fcc1ccb8,0x00000000fcc80000)
  to   space 49152K, 0% used [0x00000000fd000000,0x00000000fd000000,0x0000000100000000)
 ParOldGen       total 524288K, used 91334K [0x00000000d0000000, 0x00000000f0000000, 0x00000000f0000000)
  object space 524288K, 17% used [0x00000000d0000000,0x00000000d5931858,0x00000000f0000000)
 Metaspace       used 70152K, capacity 73364K, committed 73600K, reserved 1114112K
  class space    used 8640K, capacity 9532K, committed 9600K, reserved 1048576K
}
Event: 1393.916 GC heap before
{Heap before GC invocations=33 (full 3):
 PSYoungGen      total 209408K, used 209011K [0x00000000f0000000, 0x0000000100000000, 0x0000000100000000)
  eden space 171008K, 100% used [0x00000000f0000000,0x00000000fa700000,0x00000000fa700000)
  from space 38400K, 98% used [0x00000000fa700000,0x00000000fcc1ccb8,0x00000000fcc80000)
  to   space 49152K, 0% used [0x00000000fd000000,0x00000000fd000000,0x0000000100000000)
 ParOldGen       total 524288K, used 91334K [0x00000000d0000000, 0x00000000f0000000, 0x00000000f0000000)
  object space 524288K, 17% used [0x00000000d0000000,0x00000000d5931858,0x00000000f0000000)
 Metaspace       used 70682K, capacity 74058K, committed 74240K, reserved 1114112K
  class space    used 8728K, capacity 9641K, committed 9728K, reserved 1048576K
Event: 1393.956 GC heap after
Heap after GC invocations=33 (full 3):
 PSYoungGen      total 200704K, used 46759K [0x00000000f0000000, 0x0000000100000000, 0x0000000100000000)
  eden space 151552K, 0% used [0x00000000f0000000,0x00000000f0000000,0x00000000f9400000)
  from space 49152K, 95% used [0x00000000fd000000,0x00000000ffda9f98,0x0000000100000000)
  to   space 55296K, 0% used [0x00000000f9400000,0x00000000f9400000,0x00000000fca00000)
 ParOldGen       total 524288K, used 91334K [0x00000000d0000000, 0x00000000f0000000, 0x00000000f0000000)
  object space 524288K, 17% used [0x00000000d0000000,0x00000000d5931858,0x00000000f0000000)
 Metaspace       used 70682K, capacity 74058K, committed 74240K, reserved 1114112K
  class space    used 8728K, capacity 9641K, committed 9728K, reserved 1048576K
}
Event: 1484.978 GC heap before
{Heap before GC invocations=34 (full 3):
 PSYoungGen      total 200704K, used 198311K [0x00000000f0000000, 0x0000000100000000, 0x0000000100000000)
  eden space 151552K, 100% used [0x00000000f0000000,0x00000000f9400000,0x00000000f9400000)
  from space 49152K, 95% used [0x00000000fd000000,0x00000000ffda9f98,0x0000000100000000)
  to   space 55296K, 0% used [0x00000000f9400000,0x00000000f9400000,0x00000000fca00000)
 ParOldGen       total 524288K, used 91334K [0x00000000d0000000, 0x00000000f0000000, 0x00000000f0000000)
  object space 524288K, 17% used [0x00000000d0000000,0x00000000d5931858,0x00000000f0000000)
 Metaspace       used 71411K, capacity 75084K, committed 75136K, reserved 1114112K
  class space    used 8816K, capacity 9826K, committed 9856K, reserved 1048576K
Event: 1485.014 GC heap after
Heap after GC invocations=34 (full 3):
 PSYoungGen      total 192512K, used 40677K [0x00000000f0000000, 0x0000000100000000, 0x0000000100000000)
  eden space 151552K, 0% used [0x00000000f0000000,0x00000000f0000000,0x00000000f9400000)
  from space 40960K, 99% used [0x00000000f9400000,0x00000000fbbb9740,0x00000000fbc00000)
  to   space 57856K, 0% used [0x00000000fc780000,0x00000000fc780000,0x0000000100000000)
 ParOldGen       total 524288K, used 91342K [0x00000000d0000000, 0x00000000f0000000, 0x00000000f0000000)
  object space 524288K, 17% used [0x00000000d0000000,0x00000000d5933858,0x00000000f0000000)
 Metaspace       used 71411K, capacity 75084K, committed 75136K, reserved 1114112K
  class space    used 8816K, capacity 9826K, committed 9856K, reserved 1048576K
}

